    1  mkdir log_screen
    2  `date +%Y-%m-%d`
    3  cp ../.bashrc bashrc_copy 
    4  cd ..
    5  mv Chalmersbike chalmersbike
    6  sudo reboot
    7  ifconfig
    8  python easystart.py 
    9  sudo apt update
   10  apt -get install python-pip numpy
   11  apt get -install python-pip numpy
   12  apt-get install python-pip numpy
   13  sudo apt-get install python-pip numpy
   14  sudo apt-get install python-pip python-numpy
   15  sudo apt-get install python-numpy
   16  sudo apt-get install python-pip
   17  python easystart.py 
   18  pip install spidev
   19  python easystart.py 
   20  pip install serial
   21  sudo apt-get install python-serial
   22  python easystart.p
   23  python easystart.py
   24  sudo apt-get install build-essential python-dev
   25  dir
   26  mkdir vl53l0x
   27  cd vl53l0x/
   28  dir
   29  cd VL53L0X_rasp_python/
   30  dir
   31  make
   32  dir
   33  cd ../..
   34  python easystart.py
   35  sudo pip install virtualenv
   36  dir
   37  virtualenv chalmersbike
   38  virtualenv --system-site-packages chalmersbike
   39  dir
   40  cd chalmersbike/
   41  dir
   42  cd ..
   43  cd chalmersbike/
   44  dir
   45  bind 
   46  dir
   47  cd ..
   48  cd chalmersbike/bin/
   49  dir
   50  source activate
   51  pwd
   52  cd ../..
   53  python easystart.py 
   54  pip install pysnooper
   55  dir
   56  python easystart.py 
   57  apt-get install scipy
   58  sudo apt-get install python-scipy
   59  python easystart.py 
   60  mkdir ExpData_blackbike
   61  cd vl53l0x/VL53L0X_rasp_python/bin/
   62  dir
   63  cd ../../..
   64  python easystart.py 
   65  mkdir strratedistbref
   66  git status
   67  git status
   68  git rm -r --cached .
   69  git add .
   70  git status
   71  git status|more
   72  git status
   73  git commit -m "Including more reference files after reinstallment"
   74  git push
   75  python NTRIP/uart3test.py 
   76  ls -l
   77  ls -lA
   78  date
   79  tzselect
   80  2
   81  3
   82  4
   83  5
   84  apt-get install -y ntpdate
   85  sudo apt-get install -y ntpdate
   86  apt-get install -y ntp
   87  sudo apt-get install -y ntp
   88  nano /etc/ntp.conf 
   89  sudo nano /etc/ntp.conf 
   90  /etc/init.d/ntp restart
   91  /etc/init.d/ntp start
   92  sudo nano /etc/ntp.conf 
   93  fg nano
   94  fg sudo
   95  /etc/init.d/ntp start
   96  sudo /etc/init.d/ntp restart
   97  sudo nano /etc/ntp.conf 
   98  sudo /etc/init.d/ntp restart
   99  history
  100  git status
  101  git config --global user.name
  102  git config --global user.name "Mr. Black with BBBlack"
  103  git config --global user.name
  104  git config user.name
  105  git config --global user.name "Mr. Black with Mrs. BBBlack"
  106  sudo shutdown -h now
  107  python record_path.py
  108  python easystart.py 
  109  python easystart.py 
  110  python easystart.py 
  111  python record_path.py 
  112  history
  113  history > hist.out
  114  dir
  115  cat hist.out 
  116  history > hist.out
  117  cat hist.out 
  118  python record_path.py 
  119  python easystart.py 
  120  nano controller.py
  121  python easystart.py 
  122  python record_path.py 
  123  python easystart.py 
  124  python easystart.py 
  125  git add *
  126  git commit -m 'Unwrap heading + debugging'
  127  git push
  128  git add *
  129  git commit -m 'Saturation of balancing setpoint from path tracking controller'
  130  git push
  131  python record_path.py 
  132  python easystart.py 
  133  sudo shutdown -h now
  134  python easystart.py 
  135  python record_path.py 
  136  python easystart.py 
  137  sudo shutdown now
  138  python easystart.py 
  139  git add *
  140  git commit -m 'Fixed ESTOP with a capacitor'
  141  git push
  142  python record_path.py 
  143  config-pin -q 9.15
  144  python record_path.py 
  145  python record_path.py 
  146  python easystart.py 
  147  python easystart.py 
  148  python record_path.py 
  149  python easystart.py 
  150  ls
  151  time
  152  python easystart.py date
  153  date
  154  python easystart.py
  155  python record_path.py 
  156  python record_path.py 
  157  python record_path.py 
  158  sudo shutdown now
  159  python
  160  python easystart.py 
  161  date
  162  connmanctl
  163  date --set 20201104
  164  time --set 114200
  165  date --set 20201104114200
  166  date --set 20201104
  167  connmanctl
  168  date
  169  time
  170  utcupdate
  171  ntpupdate
  172  utpdate
  173  sudo ntpdate
  174  tzselect
  175  date
  176  python record_path.py 
  177  python record_path.py 
  178  python easystart.py 
  179  python record_path.py 
  180  python record_path.py 
  181  python record_path.py 
  182  python testing/hall_sensor/HallsensorTestLukas.py 
  183  mkdir Tests_Lukas
  184  python testing/hall_sensor/HallsensorTestLukas.py 
  185  ls
  186  python record_path.py 
  187  sudo shutdown now
  188  python testing/steering_motor/SteeringMotorTestLukas.py 
  189  source PinConfig.sh 
  190  python testing/steering_motor/SteeringMotorTestLukas.py 
  191  source PinConfig.sh 
  192  python testing/steering_motor/SteeringMotorTestLukas.py 
  193  source PinConfig.sh 
  194  python testing/steering_motor/SteeringMotorTestLukas.py 
  195  source PinConfig.sh 
  196  python testing/steering_motor/SteeringMotorTestLukas.py 
  197  source PinConfig.sh 
  198  python testing/steering_motor/SteeringMotorTestLukas.py 
  199  source PinConfig.sh 
  200  python testing/steering_motor/SteeringMotorTestLukas.py 
  201  python testing/steering_motor/SteeringMotorTestLukas.py '
  202  python testing/steering_motor/SteeringMotorTestLukas.py
  203  sudo shutdown now
  204  python testing/hall_sensor/HallsensorTestLukas.py 
  205  sudo shutdown now
  206  python easystart.py 
  207  git add *
  208  git commit -m 'Ignore jumps larger than 1.5m/s in measured speed'
  209  git push
  210  git add *
  211  git commit -m 'Decreased max roll referenced from 15deg to 6deg'
  212  git push
  213  python record_path.py 
  214  python easystart.py 
  215  python easystart.py 
  216  python record_path.py q
  217  python easystart.py 
  218  nano param_blackbike.py
  219  python easystart.py 
  220  sudo shutdown -h now
  221  cd log_screen/
  222  ls
  223  cat Bikelog_20201109_151117.txt 
  224  git status
  225  git diff param_blackbike.py
  226  python record_path.py 
  227  date
  228  date --set 20201009
  229  sudo date --set 20201009
  230  sudo date --set 14:40:00
  231  python record_path.py 
  232  date
  233  sudo date --set 20201109
  234  date
  235  sudo date --set 15:00:00
  236  date
  237  python easystart.py 
  238  mv paths/path_20201009-144434.csv paths/path_20201109-144434.csv
  239  python easystart.py 
  240  i2cdetect -l
  241  i2cdetect -r 0
  242  i2cdetect -y 0
  243  i2cdetect -y -r 0
  244  i2cdetect -y -r 1
  245  i2cdetect -y -r 2
  246  i2cdetect -y -r 0
  247  i2cdetect -y -r 1
  248  config-pin -q 9.20
  249  config-pin -q 9.17
  250  config-pin -q 9.18
  251  config-pin -q 9.19
  252  i2cdetect -y -r 0
  253  i2cdetect -y -r 1
  254  i2cdetect -y -r 2
  255  i2cdetect -y -r 0
  256  i2cdetect -y -r 2
  257  i2cdetect -y -r 0
  258  python record_path.py 
  259  date
  260  python record_path.py 
  261  python easystart.py 
  262  sudo shutdown -h now
  263  git add *
  264  git commit -m 'Do not check ESTOP when recording path'
  265  git push
  266  pythom easystart.py 
  267  python easystart.py 
  268  sudo shutdown now
  269  python easystart.py 
  270  python record_path.py 
  271  python easystart.py 
  272  sudo shutdown now
  273  python easystart.py 
  274  sudo shutdown now
  275  python testing/UARTtest.py 
  276  sudo shutdown now
  277  python sensors/gps_ublox_fixBricked.py 
  278  sudo renoot now
  279  sudo reboot now
  280  python easystart.py 
  281  python testing/UARTtest.py 
  282  python easystart.py 
  283  python record_path.py 
  284  git add *
  285  git commit -m 'Debugging'
  286  git push
  287  sudo shutdown now
  288  python easystart.py 
  289  source PinConfig.sh 
  290  python easystart.py 
  291  sudo shutdown now
  292  sudo shutdown -h now
  293  cd testing/
  294  dir
  295  cd imu/
  296  dir
  297  python imu_data_test.py 
  298  cd ../../
  299  dir
  300  python testing/imu/imu_data_test.py 
  301  python easytest.py 
  302  python record_path.py 
  303  date
  304  python easystart.py 
  305  nano param_blackbike.py
  306  python easystart.py 
  307  python easystart.py r
  308  python record_path.py 
  309  nano param_blackbike.py
  310  ls paths/
  311  nano param.py
  312  python record_path.py
  313  ls paths/
  314  nano param.py
  315  python record_path.py
  316  nano param_blackbike.py
  317  python easystart.py 
  318  ls paths/
  319  nano param.py
  320  python easystart.py 
  321  nano param.py
  322  nano param_blackbike.py
  323  python easystart.py 
  324  sudo shutdown now
  325  python easystart.py 
  326  python easystart.py r
  327  python easystart.py
  328  python easystart.py r
  329  python easystart.py
  330  python testing/imu/imu_data_test.py 
  331  python testing/imu/IMUTestLukas.py 
  332  python imu_data_test.py 
  333  python testing/imu/IMUTestLukas.py 
  334  python testing/imu/imu_data_test.py 
  335  python testing/imu/IMUTestLukas.py 
  336  sudo shutdown -h now
  337  python record_path.py -s
  338  python easystart.py 
  339  python record_path.py -s
  340  sudo shutdown now
  341  python record_path.py 
  342  python record_path.py 
  343  python record_path.py -s
  344  python record_path.py -h
  345  python record_path.py -v
  346  python record_path.py -s
  347  python record_path.py
  348  lsp aths
  349  ls paths
  350  python record_path.py
  351  git add *
  352  git commit -m 'Compute estimated position and reference roll every time step instead of when we receive GPS measurement'
  353  git push
  354  ls
  355  python easystart.py 
  356  python record_path.py 
  357  sudo shutdown now
  358  nano param_blackbike.py
  359  python easystart.py 
  360  nano param_blackbike.py
  361  python easystart.py 
  362  nano param_blackbike.py
  363  nano param.py
  364  nano param_blackbike.py
  365  python easystart.py 
  366  python record_path.py 
  367  python easystart.py 
  368  nano param_blackbike.py
  369  python easystart.py
  370  python record_path.py
  371  date
  372  pthon record_path.py 
  373  python record_path.py 
  374  sudo shutdown now
  375  python record_path.py 
  376  mython easystart.py 
  377  python easystart.py 
  378  nano param_blackbike.py
  379  nano param.py
  380  python easystart.py 
  381  nano param.py
  382  python easystart.py 
  383  sudo shutdown now
  384  python record_path.py 
  385  date
  386  date --set 20201116
  387  date --set 16:14:00
  388  sudo date --set 20201116
  389  sudo date --set 16:14:00
  390  python record_path.py 
  391  ls
  392  python testing/imu/IMUTestLukas.py 
  393  python testing/steering_motor/SteeringMotorTestLukas.py 
  394  source PinConfig.sh 
  395  python testing/steering_motor/SteeringMotorTestLukas.py 
  396  python testing/drive_motor/VelocityMotorTestLukas.py 
  397  source PinConfig.sh 
  398  python testing/drive_motor/VelocityMotorTestLukas.py 
  399  source PinConfig.sh 
  400  python testing/drive_motor/VelocityMotorTestLukas.py 
  401  python testing/hall_sensor/HallsensorTestLukas.py 
  402  source PinConfig.sh 
  403  python testing/drive_motor/VelocityMotorTestLukas.py 
  404  sudo shutdown now
  405  python testing/gps/GPSTestLukas.py 
  406  python record_path.py 
  407  date
  408  python record_path.py 
  409  python testing/steering_motor/SteeringMotorTestLukas.py 
  410  python easystart.py 
  411  nano sensors/safetystop.py
  412  python easystart.py 
  413  sudo shutdown now
  414  python easystart.py -r
  415  python easystart.py -s
  416  python easystart.py 
  417  sudo shutdown now
  418  python easystart.py 
  419  sudo shutdown now
  420  python easystart.py 
  421  sudo shutdown now
  422  python record_path.py 
  423  date
  424  date --set 20201120
  425  date --set 15:03:00
  426  sudo date --set 20201120
  427  sudo date --set 15:03:00
  428  date
  429  python record_path.py 
  430  date
  431  python record_path.py 
  432  date
  433  python record_path.py 
  434  git add *
  435  git commit -m 'Changed steering angle offset estimation to use GPS position over the first 5s'
  436  git push
  437  python record_path.py 
  438  python easystart.py 
  439  python record_path.py 
  440  python easystart.py 
  441  python easystart.py -r
  442  python easystart.py
  443  python testing/gps/GPSTestLukas.py 
  444  python testing/steering_motor/SteeringMotorTestLukas.py 
  445  source PinConfig.sh 
  446  python testing/steering_motor/SteeringMotorTestLukas.py 
  447  source PinConfig.sh 
  448  python testing/steering_motor/SteeringMotorTestLukas.py 
  449  python testing/drive_motor/VelocityMotorTestLukas.py 
  450  sudo shutdown now
  451  python easytest.py 
  452  python record_path.py 
  453  python easytest.py 
  454  ls
  455  python easytest.py 
  456  python easystart.py 
  457  ls
  458  python record_path.py 
  459  python easystart.py -s
  460  python easystart.py
  461  nano param.py
  462  nano param_blackbike.py
  463  python easystart.py 
  464  python easystart.py -s
  465  python easytest.py 
  466  python easystart.py -s
  467  sudo shutdown now
  468  python easystart.py -s
  469  python easytest.py 
  470  python easystart.py 
  471  python easystart.py -s
  472  python easystart.py -r
  473  python easystart.py -r -s
  474  ls
  475  python record_path.py 
  476  cat ExpData_blackbike/BikeData_20201123-110533.csv 
  477  df
  478  ls -al ExpData_blackbike/
  479  df /dev/mmcblk1
  480  python easystart.py 
  481  sudo shutdown now
  482  python easytest.py -s
  483  python easystart.py -s
  484  à
  485  python easystart.py -s
  486  python easytest.py 
  487  python easystart.py -s
  488  python easystart.py -s -r
  489  python record_path.py 
  490  python easystart.py -r
  491  python easystart.py
  492  sudo shutdown now
  493  nano param_blackbike.py
  494  ls paths/
  495  nano param_blackbike.py
  496  nano param.py
  497  python easystart.py -s
  498  python sensors/safetystop.py
  499  nano sensors/safetystop.py
  500  python easystart.py -sQ
  501  python easystart.py -S
  502  python easystart.py -s
  503  nano param.py
  504  python easystart.py
  505  pip install dubins
  506  sudo pip install dubins
  507  python easystart.py 
  508  sudo shutdown now
  509  python easystart.py 
  510  python
  511  python easystart.py 
  512  python
  513  python easystart.py 
  514  sudo shutdown now
  515  git status
  516  git push
  517  git status
  518  git check-ignore
  519  git check-ignore -v .gitignore
  520  git check-ignore -v vl53l0x/VL53L0X_rasp_python/bin/vl53l0x_python.so
  521  git status
  522  ls
  523  git check-ignore -v vl53l0x/
  524  git check-ignore -v vl53l0x/VL53L0X_rasp_python/bin/vl53l0x_python.so
  525  git add *
  526  git commit -m 'Try to not ignore vl5310x_python.so'
  527  git push
  528  git status
  529  git add .gitignore 
  530  git commit -m 'Try to not ignore vl5310x_python.so'
  531  git status
  532  git push
  533  git status
  534  git add --force vl53l0x/VL53L0X_rasp_python/bin/vl53l0x_python.so 
  535  git status
  536  git add --force vl53l0x/VL53L0X_rasp_python/bin/
  537  git status
  538  git commit -m 'Try to not ignore vl5310x_python.so'
  539  git push
  540  git add *
  541  git commit -m 'Added option to go into a circle or U-turn and back to start after en of reference path'
  542  git push
  543  sudo shutdown now
  544  python record_path.py 
  545  rm paths/path_20201124-140106.csv 
  546  python record_path.py 
  547  python record_path.py -r
  548  python easystart.py -s
  549  python easystart.py -r
  550  python easystart.py
  551  python easystart.py -r
  552  sudo shutdown now
  553  date
  554  python easystart.py -s
  555  nano param.py
  556  python record_path.py 
  557  nano param.py
  558  python easystart.py -s
  559  date
  560  sudo date --set 25112020
  561  sudo date --set 20201125
  562  sudo date --set 09:32:00
  563  date
  564  ls paths/
  565  mv paths/path_20161103-172028.csv paths/path_20201125-093000.csv
  566  python easystart.py -s
  567  sudo shutdown -h now
  568  python easystart.py -s
  569  nano All_in_1Test.py
  570  sudo shutdown -h
  571  sudo shutdown -h now
  572  python easytest.py 
  573  python easystart.py -s
  574  date
  575  sudo date --set 20201125
  576  sudo date --set 14:50:00
  577  python record_path.py 
  578  python easystart.py
  579  python easystart.py 
  580  ls paths/
  581  nano param.py
  582  python easystart.py -s
  583  nano param.py
  584  python easystart.py -s
  585  nano param.py
  586  python easystart.py
  587  nano All_in_1Test.py
  588  python easytest.py 
  589  python easystart.py
  590  nano param.py
  591  python easystart.py
  592  nano param.py6
  593  python easystart.py
  594  ls rollref/
  595  ls strratedistbref/
  596  nano param.py
  597  python easystart.py
  598  nano param.py
  599  python record_path.py 
  600  datz
  601  date
  602  python easystart.py
  603  python record_path.py 
  604  python easystart.py
  605  nano param.py
  606  python easystart.py
  607  git add *
  608  git commit -m 'Fix to the code crashing when running without GPS measurements'
  609  git push
  610  python testing/steering_motor/steeringMotorTestMaxime.py 
  611  source PinConfig.sh 
  612  python testing/steering_motor/steeringMotorTestMaxime.py 
  613  source PinConfig.sh 
  614  python testing/steering_motor/steeringMotorTestMaxime.py 
  615  source PinConfig.sh 
  616  sudo shutdown now
  617  python testing/steering_motor/steeringMotorTestMaxime.py pls
  618  sudo shutdown now
  619  sudo reboot
  620  sudo shutdown -h now
  621  git status
  622  git add *
  623  git commit -m 'Do not load path when recording a new path'
  624  git push
  625  python easystart.py 
  626  ls
  627  source ../.bashrc 
